<?xml version="1.0" encoding="utf-8" standalone="no"?>
<test-run id="0" runstate="Runnable" testcasecount="22" result="Passed" total="22" passed="22" failed="0" warnings="0" inconclusive="0" skipped="0" asserts="22" engine-version="3.16.3.0" clr-version="6.0.11" start-time="2023-03-06 23:50:56Z" end-time="2023-03-06 23:50:56Z" duration="0.197563">
  <command-line><![CDATA[/Users/sebastian/.nuget/packages/nunit.consolerunner.netcore/3.16.3/tools/net6.0/any/nunit3-netcore-console.dll /Users/sebastian/Projects/proton/src/Tests/bin/Debug/net7.0/Tests.dll]]></command-line>
  <test-suite type="Assembly" id="1-1025" name="Tests.dll" fullname="/Users/sebastian/Projects/proton/src/Tests/bin/Debug/net7.0/Tests.dll" runstate="Runnable" testcasecount="22" result="Passed" start-time="2023-03-06T23:50:56.2436720Z" end-time="2023-03-06T23:50:56.3385230Z" duration="0.094723" total="22" passed="22" failed="0" warnings="0" inconclusive="0" skipped="0" asserts="22">
    <environment framework-version="3.13.3.0" clr-version="6.0.11" os-version="Darwin 22.3.0 Darwin Kernel Version 22.3.0: Mon Jan 30 20:38:37 PST 2023; root:xnu-8792.81.3~2/RELEASE_ARM64_T6000" platform="Unix" cwd="/Users/sebastian/Projects/proton" machine-name="moonwalker" user="sebastian" user-domain="moonwalker" culture="en-US" uiculture="en-US" os-architecture="x64" />
    <settings>
      <setting name="DisposeRunners" value="True" />
      <setting name="WorkDirectory" value="/Users/sebastian/Projects/proton" />
      <setting name="NumberOfTestWorkers" value="10" />
    </settings>
    <properties>
      <property name="_PID" value="21846" />
      <property name="_APPDOMAIN" value="nunit3-netcore-console" />
    </properties>
    <test-suite type="SetUpFixture" id="1-1000" name="Tests" fullname="Tests.InitMsgUtils" classname="Tests.InitMsgUtils" runstate="Runnable" testcasecount="22" result="Passed" start-time="2023-03-06T23:50:56.2473770Z" end-time="2023-03-06T23:50:56.3385190Z" duration="0.091142" total="22" passed="22" failed="0" warnings="0" inconclusive="0" skipped="0" asserts="22">
      <test-suite type="TestFixture" id="1-1001" name="Back And Forth With More Complex Types" fullname="Tests.Back And Forth With More Complex Types" classname="Tests.Back And Forth With More Complex Types" runstate="Runnable" testcasecount="5" result="Passed" start-time="2023-03-06T23:50:56.2503040Z" end-time="2023-03-06T23:50:56.2933140Z" duration="0.043010" total="5" passed="5" failed="0" warnings="0" inconclusive="0" skipped="0" asserts="5">
        <test-case id="1-1002" name="Encoding and Decoding Circle Shape" fullname="Tests.Back And Forth With More Complex Types.Encoding and Decoding Circle Shape" methodname="Encoding and Decoding Circle Shape" classname="Tests.Back And Forth With More Complex Types" runstate="Runnable" seed="946011089" result="Passed" start-time="2023-03-06T23:50:56.2503480Z" end-time="2023-03-06T23:50:56.2734800Z" duration="0.023196" asserts="1" />
        <test-case id="1-1004" name="Encoding And Decoding Of Book Record" fullname="Tests.Back And Forth With More Complex Types.Encoding And Decoding Of Book Record" methodname="Encoding And Decoding Of Book Record" classname="Tests.Back And Forth With More Complex Types" runstate="Runnable" seed="376588885" result="Passed" start-time="2023-03-06T23:50:56.2745070Z" end-time="2023-03-06T23:50:56.2820380Z" duration="0.007531" asserts="1" />
        <test-case id="1-1005" name="Encoding And Decoding Of Book Record Array" fullname="Tests.Back And Forth With More Complex Types.Encoding And Decoding Of Book Record Array" methodname="Encoding And Decoding Of Book Record Array" classname="Tests.Back And Forth With More Complex Types" runstate="Runnable" seed="410824007" result="Passed" start-time="2023-03-06T23:50:56.2821400Z" end-time="2023-03-06T23:50:56.2845120Z" duration="0.002373" asserts="1" />
        <test-case id="1-1006" name="Encoding And Decoding Of Bookshelf with Books" fullname="Tests.Back And Forth With More Complex Types.Encoding And Decoding Of Bookshelf with Books" methodname="Encoding And Decoding Of Bookshelf with Books" classname="Tests.Back And Forth With More Complex Types" runstate="Runnable" seed="1504797085" result="Passed" start-time="2023-03-06T23:50:56.2845230Z" end-time="2023-03-06T23:50:56.2897180Z" duration="0.005195" asserts="1" />
        <test-case id="1-1003" name="Encoding And Decoding Rectangle Shape" fullname="Tests.Back And Forth With More Complex Types.Encoding And Decoding Rectangle Shape" methodname="Encoding And Decoding Rectangle Shape" classname="Tests.Back And Forth With More Complex Types" runstate="Runnable" seed="1407851446" result="Passed" start-time="2023-03-06T23:50:56.2897330Z" end-time="2023-03-06T23:50:56.2927980Z" duration="0.003065" asserts="1" />
      </test-suite>
      <test-suite type="TestFixture" id="1-1007" name="Simple Encoders and Decoders" fullname="Tests.Simple Encoders and Decoders" classname="Tests.Simple Encoders and Decoders" runstate="Runnable" testcasecount="17" result="Passed" start-time="2023-03-06T23:50:56.2938980Z" end-time="2023-03-06T23:50:56.3385090Z" duration="0.044611" total="17" passed="17" failed="0" warnings="0" inconclusive="0" skipped="0" asserts="17">
        <test-case id="1-1008" name="Encoding and Decoding Boolean" fullname="Tests.Simple Encoders and Decoders.Encoding and Decoding Boolean" methodname="Encoding and Decoding Boolean" classname="Tests.Simple Encoders and Decoders" runstate="Runnable" seed="1286549479" result="Passed" start-time="2023-03-06T23:50:56.2939140Z" end-time="2023-03-06T23:50:56.2956370Z" duration="0.001723" asserts="1" />
        <test-case id="1-1015" name="Encoding and Decoding Byte" fullname="Tests.Simple Encoders and Decoders.Encoding and Decoding Byte" methodname="Encoding and Decoding Byte" classname="Tests.Simple Encoders and Decoders" runstate="Runnable" seed="13512823" result="Passed" start-time="2023-03-06T23:50:56.2956830Z" end-time="2023-03-06T23:50:56.2974430Z" duration="0.001759" asserts="1" />
        <test-case id="1-1017" name="Encoding and Decoding Bytes" fullname="Tests.Simple Encoders and Decoders.Encoding and Decoding Bytes" methodname="Encoding and Decoding Bytes" classname="Tests.Simple Encoders and Decoders" runstate="Runnable" seed="455425115" result="Passed" start-time="2023-03-06T23:50:56.2975050Z" end-time="2023-03-06T23:50:56.2984960Z" duration="0.000990" asserts="1" />
        <test-case id="1-1020" name="Encoding and Decoding DateTime" fullname="Tests.Simple Encoders and Decoders.Encoding and Decoding DateTime" methodname="Encoding and Decoding DateTime" classname="Tests.Simple Encoders and Decoders" runstate="Runnable" seed="2072365513" result="Passed" start-time="2023-03-06T23:50:56.2985640Z" end-time="2023-03-06T23:50:56.3077940Z" duration="0.009230" asserts="1" />
        <test-case id="1-1019" name="Encoding and Decoding DateTimeOffset" fullname="Tests.Simple Encoders and Decoders.Encoding and Decoding DateTimeOffset" methodname="Encoding and Decoding DateTimeOffset" classname="Tests.Simple Encoders and Decoders" runstate="Runnable" seed="2069499968" result="Passed" start-time="2023-03-06T23:50:56.3078850Z" end-time="2023-03-06T23:50:56.3134800Z" duration="0.005595" asserts="1" />
        <test-case id="1-1014" name="Encoding and Decoding Decimal" fullname="Tests.Simple Encoders and Decoders.Encoding and Decoding Decimal" methodname="Encoding and Decoding Decimal" classname="Tests.Simple Encoders and Decoders" runstate="Runnable" seed="538829715" result="Passed" start-time="2023-03-06T23:50:56.3134980Z" end-time="2023-03-06T23:50:56.3177720Z" duration="0.004274" asserts="1" />
        <test-case id="1-1012" name="Encoding and Decoding Float" fullname="Tests.Simple Encoders and Decoders.Encoding and Decoding Float" methodname="Encoding and Decoding Float" classname="Tests.Simple Encoders and Decoders" runstate="Runnable" seed="1920609180" result="Passed" start-time="2023-03-06T23:50:56.3178370Z" end-time="2023-03-06T23:50:56.3206540Z" duration="0.002817" asserts="1" />
        <test-case id="1-1018" name="Encoding and Decoding Guid" fullname="Tests.Simple Encoders and Decoders.Encoding and Decoding Guid" methodname="Encoding and Decoding Guid" classname="Tests.Simple Encoders and Decoders" runstate="Runnable" seed="1964533005" result="Passed" start-time="2023-03-06T23:50:56.3206930Z" end-time="2023-03-06T23:50:56.3223440Z" duration="0.001651" asserts="1" />
        <test-case id="1-1009" name="Encoding and Decoding Int16" fullname="Tests.Simple Encoders and Decoders.Encoding and Decoding Int16" methodname="Encoding and Decoding Int16" classname="Tests.Simple Encoders and Decoders" runstate="Runnable" seed="153323417" result="Passed" start-time="2023-03-06T23:50:56.3224260Z" end-time="2023-03-06T23:50:56.3242250Z" duration="0.001799" asserts="1" />
        <test-case id="1-1010" name="Encoding and Decoding Int32" fullname="Tests.Simple Encoders and Decoders.Encoding and Decoding Int32" methodname="Encoding and Decoding Int32" classname="Tests.Simple Encoders and Decoders" runstate="Runnable" seed="1159083394" result="Passed" start-time="2023-03-06T23:50:56.3243020Z" end-time="2023-03-06T23:50:56.3256020Z" duration="0.001300" asserts="1" />
        <test-case id="1-1011" name="Encoding and Decoding Int64" fullname="Tests.Simple Encoders and Decoders.Encoding and Decoding Int64" methodname="Encoding and Decoding Int64" classname="Tests.Simple Encoders and Decoders" runstate="Runnable" seed="1684878846" result="Passed" start-time="2023-03-06T23:50:56.3256300Z" end-time="2023-03-06T23:50:56.3275670Z" duration="0.001937" asserts="1" />
        <test-case id="1-1022" name="Encoding and Decoding Of A Simple Int Array" fullname="Tests.Simple Encoders and Decoders.Encoding and Decoding Of A Simple Int Array" methodname="Encoding and Decoding Of A Simple Int Array" classname="Tests.Simple Encoders and Decoders" runstate="Runnable" seed="70655495" result="Passed" start-time="2023-03-06T23:50:56.3275930Z" end-time="2023-03-06T23:50:56.3304230Z" duration="0.002829" asserts="1" />
        <test-case id="1-1023" name="Encoding and Decoding Of A Simple None Option" fullname="Tests.Simple Encoders and Decoders.Encoding and Decoding Of A Simple None Option" methodname="Encoding and Decoding Of A Simple None Option" classname="Tests.Simple Encoders and Decoders" runstate="Runnable" seed="1437251803" result="Passed" start-time="2023-03-06T23:50:56.3304950Z" end-time="2023-03-06T23:50:56.3316430Z" duration="0.001148" asserts="1" />
        <test-case id="1-1024" name="Encoding and Decoding Of A Simple Some Option" fullname="Tests.Simple Encoders and Decoders.Encoding and Decoding Of A Simple Some Option" methodname="Encoding and Decoding Of A Simple Some Option" classname="Tests.Simple Encoders and Decoders" runstate="Runnable" seed="505796438" result="Passed" start-time="2023-03-06T23:50:56.3317170Z" end-time="2023-03-06T23:50:56.3334270Z" duration="0.001710" asserts="1" />
        <test-case id="1-1013" name="Encoding and Decoding Single" fullname="Tests.Simple Encoders and Decoders.Encoding and Decoding Single" methodname="Encoding and Decoding Single" classname="Tests.Simple Encoders and Decoders" runstate="Runnable" seed="1817353326" result="Passed" start-time="2023-03-06T23:50:56.3334990Z" end-time="2023-03-06T23:50:56.3359540Z" duration="0.002455" asserts="1" />
        <test-case id="1-1016" name="Encoding and Decoding String" fullname="Tests.Simple Encoders and Decoders.Encoding and Decoding String" methodname="Encoding and Decoding String" classname="Tests.Simple Encoders and Decoders" runstate="Runnable" seed="1391142322" result="Passed" start-time="2023-03-06T23:50:56.3360270Z" end-time="2023-03-06T23:50:56.3368870Z" duration="0.000859" asserts="1" />
        <test-case id="1-1021" name="Encoding and Decoding TimeSpan" fullname="Tests.Simple Encoders and Decoders.Encoding and Decoding TimeSpan" methodname="Encoding and Decoding TimeSpan" classname="Tests.Simple Encoders and Decoders" runstate="Runnable" seed="1457774272" result="Passed" start-time="2023-03-06T23:50:56.3369580Z" end-time="2023-03-06T23:50:56.3384210Z" duration="0.001463" asserts="1" />
      </test-suite>
    </test-suite>
  </test-suite>
</test-run>